TN:
SF:index.js
FN:34,(anonymous_0)
FN:39,(anonymous_1)
FN:74,(anonymous_2)
FN:93,(anonymous_3)
FN:102,(anonymous_4)
FN:111,(anonymous_5)
FN:120,(anonymous_6)
FN:130,(anonymous_7)
FN:149,(anonymous_8)
FN:161,(anonymous_9)
FN:186,(anonymous_10)
FN:206,(anonymous_11)
FNF:12
FNH:3
FNDA:1,(anonymous_0)
FNDA:3,(anonymous_1)
FNDA:0,(anonymous_2)
FNDA:0,(anonymous_3)
FNDA:0,(anonymous_4)
FNDA:0,(anonymous_5)
FNDA:0,(anonymous_6)
FNDA:1,(anonymous_7)
FNDA:0,(anonymous_8)
FNDA:0,(anonymous_9)
FNDA:0,(anonymous_10)
FNDA:0,(anonymous_11)
DA:4,1
DA:5,1
DA:6,1
DA:7,1
DA:8,1
DA:9,1
DA:10,1
DA:11,1
DA:13,1
DA:14,1
DA:19,1
DA:22,1
DA:23,1
DA:25,1
DA:26,1
DA:27,1
DA:29,0
DA:30,0
DA:34,1
DA:35,1
DA:39,1
DA:40,3
DA:41,3
DA:42,3
DA:45,3
DA:46,1
DA:47,1
DA:50,2
DA:51,2
DA:52,2
DA:56,0
DA:60,0
DA:61,0
DA:64,0
DA:65,0
DA:66,0
DA:74,1
DA:75,0
DA:77,0
DA:79,0
DA:83,0
DA:84,0
DA:89,1
DA:90,1
DA:93,1
DA:94,0
DA:95,0
DA:96,0
DA:98,0
DA:102,1
DA:103,0
DA:104,0
DA:105,0
DA:107,0
DA:111,1
DA:112,0
DA:113,0
DA:114,0
DA:116,0
DA:120,1
DA:121,0
DA:122,0
DA:123,0
DA:125,0
DA:130,1
DA:131,1
DA:132,1
DA:133,0
DA:136,1
DA:137,1
DA:138,1
DA:141,0
DA:142,0
DA:144,0
DA:149,1
DA:150,0
DA:151,0
DA:152,0
DA:153,0
DA:155,0
DA:156,0
DA:161,1
DA:162,0
DA:163,0
DA:164,0
DA:167,0
DA:168,0
DA:172,0
DA:173,0
DA:174,0
DA:176,0
DA:177,0
DA:186,1
DA:187,0
DA:188,0
DA:189,0
DA:191,0
DA:192,0
DA:195,0
DA:197,0
DA:198,0
DA:202,1
DA:204,1
DA:206,0
DA:207,0
DA:211,1
LF:106
LH:47
BRDA:45,0,0,1
BRDA:45,0,1,2
BRDA:45,1,0,3
BRDA:45,1,1,2
BRDA:50,2,0,2
BRDA:50,2,1,0
BRDA:50,3,0,2
BRDA:50,3,1,1
BRDA:50,3,2,1
BRDA:56,4,0,0
BRDA:56,4,1,0
BRDA:77,5,0,0
BRDA:77,5,1,0
BRDA:79,6,0,0
BRDA:79,6,1,0
BRDA:132,7,0,0
BRDA:132,7,1,1
BRDA:137,8,0,1
BRDA:137,8,1,0
BRDA:167,9,0,0
BRDA:167,9,1,0
BRDA:167,10,0,0
BRDA:167,10,1,0
BRDA:191,11,0,0
BRDA:191,11,1,0
BRDA:202,12,0,1
BRDA:202,12,1,0
BRDA:204,13,0,0
BRDA:204,13,1,1
BRF:29
BRH:12
end_of_record
TN:
SF:config/google.js
FNF:0
FNH:0
DA:4,1
LF:1
LH:1
BRDA:7,0,0,1
BRDA:7,0,1,0
BRF:2
BRH:1
end_of_record
TN:
SF:config/sonarClient.js
FN:7,(anonymous_0)
FN:12,(anonymous_1)
FNF:2
FNH:1
FNDA:1,(anonymous_0)
FNDA:0,(anonymous_1)
DA:4,1
DA:8,1
DA:9,1
DA:13,0
DA:14,0
DA:24,0
DA:26,0
DA:31,1
LF:8
LH:4
BRF:0
BRH:0
end_of_record
TN:
SF:models/GoogleCalendarService.js
FN:7,(anonymous_0)
FN:20,(anonymous_1)
FN:32,(anonymous_2)
FN:62,(anonymous_3)
FN:119,(anonymous_4)
FN:177,(anonymous_5)
FN:207,(anonymous_6)
FNF:7
FNH:7
FNDA:9,(anonymous_0)
FNDA:9,(anonymous_1)
FNDA:4,(anonymous_2)
FNDA:2,(anonymous_3)
FNDA:1,(anonymous_4)
FNDA:2,(anonymous_5)
FNDA:1,(anonymous_6)
DA:4,1
DA:9,9
DA:10,1
DA:13,8
DA:21,9
DA:22,0
DA:24,9
DA:33,4
DA:34,4
DA:35,0
DA:38,4
DA:39,1
DA:43,3
DA:44,1
DA:48,2
DA:50,1
DA:51,0
DA:53,1
DA:63,2
DA:64,2
DA:65,0
DA:68,2
DA:69,0
DA:72,2
DA:89,2
DA:90,1
DA:93,2
DA:94,2
DA:97,2
DA:107,0
DA:108,0
DA:110,0
DA:120,1
DA:121,1
DA:122,0
DA:125,1
DA:126,0
DA:129,1
DA:147,1
DA:148,0
DA:151,1
DA:152,1
DA:155,1
DA:165,0
DA:166,0
DA:168,0
DA:178,2
DA:179,2
DA:180,0
DA:183,2
DA:184,0
DA:187,2
DA:192,1
DA:194,1
DA:196,0
DA:198,1
DA:208,1
DA:209,1
DA:210,0
DA:213,1
DA:215,1
DA:223,1
DA:225,0
DA:230,1
LF:64
LH:45
BRDA:9,0,0,1
BRDA:9,0,1,8
BRDA:9,1,0,9
BRDA:9,1,1,8
BRDA:21,2,0,0
BRDA:21,2,1,9
BRDA:34,3,0,0
BRDA:34,3,1,4
BRDA:38,4,0,1
BRDA:38,4,1,3
BRDA:38,5,0,4
BRDA:38,5,1,4
BRDA:43,6,0,1
BRDA:43,6,1,2
BRDA:50,7,0,0
BRDA:50,7,1,1
BRDA:64,8,0,0
BRDA:64,8,1,2
BRDA:68,9,0,0
BRDA:68,9,1,2
BRDA:68,10,0,2
BRDA:68,10,1,2
BRDA:76,11,0,2
BRDA:76,11,1,1
BRDA:77,12,0,2
BRDA:77,12,1,1
BRDA:89,13,0,1
BRDA:89,13,1,1
BRDA:101,14,0,2
BRDA:101,14,1,1
BRDA:104,15,0,1
BRDA:104,15,1,1
BRDA:107,16,0,0
BRDA:107,16,1,0
BRDA:121,17,0,0
BRDA:121,17,1,1
BRDA:125,18,0,0
BRDA:125,18,1,1
BRDA:134,19,0,1
BRDA:134,19,1,0
BRDA:135,20,0,1
BRDA:135,20,1,0
BRDA:147,21,0,0
BRDA:147,21,1,1
BRDA:159,22,0,1
BRDA:159,22,1,0
BRDA:162,23,0,0
BRDA:162,23,1,1
BRDA:165,24,0,0
BRDA:165,24,1,0
BRDA:179,25,0,0
BRDA:179,25,1,2
BRDA:183,26,0,0
BRDA:183,26,1,2
BRDA:194,27,0,0
BRDA:194,27,1,1
BRDA:209,28,0,0
BRDA:209,28,1,1
BRF:58
BRH:38
end_of_record
TN:
SF:models/Task.js
FN:6,(anonymous_0)
FN:29,(anonymous_1)
FN:49,(anonymous_2)
FN:71,(anonymous_3)
FN:97,(anonymous_4)
FN:118,(anonymous_5)
FNF:6
FNH:4
FNDA:3,(anonymous_0)
FNDA:8,(anonymous_1)
FNDA:6,(anonymous_2)
FNDA:4,(anonymous_3)
FNDA:0,(anonymous_4)
FNDA:0,(anonymous_5)
DA:7,3
DA:8,3
DA:9,3
DA:10,3
DA:11,3
DA:12,3
DA:13,3
DA:14,3
DA:15,3
DA:16,3
DA:17,3
DA:18,3
DA:19,3
DA:20,3
DA:22,3
DA:30,8
DA:32,8
DA:33,8
DA:34,0
DA:37,8
DA:40,0
DA:41,0
DA:42,0
DA:45,0
DA:51,6
DA:52,2
DA:56,4
DA:57,0
DA:61,4
DA:62,0
DA:66,4
DA:67,0
DA:73,4
DA:76,4
DA:77,1
DA:79,4
DA:80,1
DA:84,4
DA:85,1
DA:86,1
DA:91,3
DA:94,3
DA:98,0
DA:120,0
DA:123,0
DA:130,0
DA:134,5
LF:47
LH:35
BRDA:7,0,0,3
BRDA:7,0,1,3
BRDA:13,1,0,3
BRDA:13,1,1,3
BRDA:14,2,0,3
BRDA:14,2,1,3
BRDA:16,3,0,3
BRDA:16,3,1,3
BRDA:19,4,0,3
BRDA:19,4,1,3
BRDA:30,5,0,0
BRDA:30,5,1,8
BRDA:32,6,0,8
BRDA:32,6,1,0
BRDA:33,7,0,0
BRDA:33,7,1,8
BRDA:41,8,0,0
BRDA:41,8,1,0
BRDA:51,9,0,2
BRDA:51,9,1,4
BRDA:51,10,0,6
BRDA:51,10,1,4
BRDA:51,10,2,4
BRDA:56,11,0,0
BRDA:56,11,1,4
BRDA:56,12,0,4
BRDA:56,12,1,4
BRDA:61,13,0,0
BRDA:61,13,1,4
BRDA:61,14,0,4
BRDA:61,14,1,4
BRDA:66,15,0,0
BRDA:66,15,1,4
BRDA:76,16,0,1
BRDA:76,16,1,3
BRDA:79,17,0,1
BRDA:79,17,1,3
BRDA:84,18,0,1
BRDA:84,18,1,3
BRDA:84,19,0,4
BRDA:84,19,1,1
BRDA:85,20,0,1
BRDA:85,20,1,0
BRDA:110,21,0,0
BRDA:110,21,1,0
BRDA:130,22,0,0
BRDA:130,22,1,0
BRF:47
BRH:34
end_of_record
TN:
SF:models/TaskManager.js
FN:8,(anonymous_0)
FN:18,(anonymous_1)
FN:35,(anonymous_2)
FN:58,(anonymous_3)
FN:94,(anonymous_4)
FN:112,(anonymous_5)
FN:158,(anonymous_6)
FN:166,(anonymous_7)
FN:189,(anonymous_8)
FN:191,(anonymous_9)
FN:223,(anonymous_10)
FN:225,(anonymous_11)
FN:252,(anonymous_12)
FN:253,(anonymous_13)
FN:267,(anonymous_14)
FN:268,(anonymous_15)
FNF:16
FNH:9
FNDA:22,(anonymous_0)
FNDA:31,(anonymous_1)
FNDA:11,(anonymous_2)
FNDA:23,(anonymous_3)
FNDA:0,(anonymous_4)
FNDA:0,(anonymous_5)
FNDA:0,(anonymous_6)
FNDA:0,(anonymous_7)
FNDA:9,(anonymous_8)
FNDA:10,(anonymous_9)
FNDA:6,(anonymous_10)
FNDA:6,(anonymous_11)
FNDA:0,(anonymous_12)
FNDA:0,(anonymous_13)
FNDA:5,(anonymous_14)
FNDA:0,(anonymous_15)
DA:4,4
DA:5,4
DA:9,22
DA:10,22
DA:20,31
DA:21,1
DA:25,30
DA:26,30
DA:27,1
DA:30,29
DA:31,2
DA:35,27
DA:37,11
DA:38,7
DA:41,4
DA:42,0
DA:45,4
DA:52,27
DA:53,1
DA:59,23
DA:61,23
DA:64,19
DA:71,19
DA:72,15
DA:73,15
DA:74,14
DA:75,14
DA:78,1
DA:83,19
DA:84,19
DA:86,4
DA:95,0
DA:96,0
DA:97,0
DA:99,0
DA:100,0
DA:102,0
DA:105,0
DA:113,0
DA:114,0
DA:117,0
DA:118,0
DA:120,0
DA:121,0
DA:122,0
DA:124,0
DA:125,0
DA:133,0
DA:136,0
DA:138,0
DA:139,0
DA:141,0
DA:142,0
DA:144,0
DA:145,0
DA:147,0
DA:151,0
DA:159,0
DA:167,0
DA:168,0
DA:172,0
DA:173,0
DA:174,0
DA:175,0
DA:180,0
DA:190,9
DA:191,10
DA:192,9
DA:193,1
DA:196,8
DA:199,8
DA:202,7
DA:203,4
DA:204,4
DA:206,1
DA:211,7
DA:212,7
DA:214,2
DA:224,6
DA:225,6
DA:226,6
DA:227,1
DA:230,5
DA:233,5
DA:234,5
DA:235,5
DA:237,2
DA:242,5
DA:244,1
DA:253,0
DA:255,0
DA:256,0
DA:257,0
DA:259,0
DA:260,0
DA:264,0
DA:268,5
DA:269,5
DA:270,5
DA:272,0
DA:276,4
LF:101
LH:58
BRDA:8,0,0,3
BRDA:18,1,0,23
BRDA:20,2,0,1
BRDA:20,2,1,30
BRDA:25,3,0,30
BRDA:25,3,1,0
BRDA:25,4,0,30
BRDA:25,4,1,0
BRDA:26,5,0,1
BRDA:26,5,1,29
BRDA:26,6,0,30
BRDA:26,6,1,29
BRDA:30,7,0,2
BRDA:30,7,1,27
BRDA:37,8,0,7
BRDA:37,8,1,4
BRDA:37,9,0,11
BRDA:37,9,1,9
BRDA:41,10,0,0
BRDA:41,10,1,4
BRDA:41,11,0,4
BRDA:41,11,1,4
BRDA:46,12,0,4
BRDA:46,12,1,3
BRDA:46,12,2,3
BRDA:46,12,3,2
BRDA:46,12,4,3
BRDA:46,12,5,1
BRDA:52,13,0,1
BRDA:52,13,1,26
BRDA:71,14,0,15
BRDA:71,14,1,4
BRDA:74,15,0,14
BRDA:74,15,1,0
BRDA:74,16,0,14
BRDA:74,16,1,14
BRDA:97,17,0,0
BRDA:97,17,1,0
BRDA:118,18,0,0
BRDA:118,18,1,0
BRDA:136,19,0,0
BRDA:136,19,1,0
BRDA:136,19,2,0
BRDA:136,19,3,0
BRDA:167,20,0,0
BRDA:167,20,1,0
BRDA:167,21,0,0
BRDA:167,21,1,0
BRDA:167,21,2,0
BRDA:167,21,3,0
BRDA:180,22,0,0
BRDA:180,22,1,0
BRDA:192,23,0,1
BRDA:192,23,1,8
BRDA:202,24,0,4
BRDA:202,24,1,3
BRDA:202,25,0,7
BRDA:202,25,1,4
BRDA:226,26,0,1
BRDA:226,26,1,5
BRDA:233,27,0,5
BRDA:233,27,1,0
BRDA:233,28,0,5
BRDA:233,28,1,5
BRDA:259,29,0,0
BRDA:259,29,1,0
BRDA:269,30,0,5
BRDA:269,30,1,0
BRF:68
BRH:44
end_of_record
TN:
SF:models/User.js
FN:5,(anonymous_0)
FN:18,(anonymous_1)
FN:23,(anonymous_2)
FN:30,(anonymous_3)
FN:37,(anonymous_4)
FNF:5
FNH:1
FNDA:3,(anonymous_0)
FNDA:0,(anonymous_1)
FNDA:0,(anonymous_2)
FNDA:0,(anonymous_3)
FNDA:0,(anonymous_4)
DA:6,3
DA:7,3
DA:8,3
DA:9,3
DA:10,3
DA:11,3
DA:12,3
DA:13,3
DA:14,3
DA:15,3
DA:19,0
DA:20,0
DA:24,0
DA:31,0
DA:38,0
DA:53,2
LF:16
LH:11
BRDA:7,0,0,3
BRDA:7,0,1,0
BRDA:9,1,0,3
BRDA:9,1,1,3
BRDA:10,2,0,3
BRDA:10,2,1,3
BRDA:11,3,0,3
BRDA:11,3,1,3
BRDA:12,4,0,3
BRDA:12,4,1,3
BRDA:13,5,0,3
BRDA:13,5,1,3
BRDA:14,6,0,3
BRDA:14,6,1,3
BRDA:15,7,0,3
BRDA:15,7,1,3
BRF:16
BRH:15
end_of_record
TN:
SF:models/UserProgress.js
FN:6,(anonymous_0)
FN:16,(anonymous_1)
FN:20,(anonymous_2)
FN:24,(anonymous_3)
FN:28,(anonymous_4)
FN:35,(anonymous_5)
FN:52,(anonymous_6)
FN:79,(anonymous_7)
FN:89,(anonymous_8)
FN:117,(anonymous_9)
FN:134,(anonymous_10)
FN:137,(anonymous_11)
FNF:12
FNH:0
FNDA:0,(anonymous_0)
FNDA:0,(anonymous_1)
FNDA:0,(anonymous_2)
FNDA:0,(anonymous_3)
FNDA:0,(anonymous_4)
FNDA:0,(anonymous_5)
FNDA:0,(anonymous_6)
FNDA:0,(anonymous_7)
FNDA:0,(anonymous_8)
FNDA:0,(anonymous_9)
FNDA:0,(anonymous_10)
FNDA:0,(anonymous_11)
DA:7,0
DA:8,0
DA:9,0
DA:10,0
DA:11,0
DA:12,0
DA:13,0
DA:17,0
DA:21,0
DA:25,0
DA:29,0
DA:31,0
DA:32,0
DA:34,0
DA:35,0
DA:38,0
DA:39,0
DA:41,0
DA:53,0
DA:54,0
DA:55,0
DA:58,0
DA:59,0
DA:60,0
DA:63,0
DA:66,0
DA:69,0
DA:70,0
DA:71,0
DA:72,0
DA:76,0
DA:80,0
DA:81,0
DA:82,0
DA:85,0
DA:88,0
DA:89,0
DA:90,0
DA:91,0
DA:98,0
DA:99,0
DA:104,0
DA:106,0
DA:118,0
DA:119,0
DA:120,0
DA:121,0
DA:128,0
DA:129,0
DA:136,0
DA:137,0
DA:141,1
LF:52
LH:1
BRDA:34,0,0,0
BRDA:34,0,1,0
BRDA:58,1,0,0
BRDA:58,1,1,0
BRDA:69,2,0,0
BRDA:69,2,1,0
BRDA:69,3,0,0
BRDA:69,3,1,0
BRDA:88,4,0,0
BRDA:88,4,1,0
BRDA:90,5,0,0
BRDA:90,5,1,0
BRDA:120,6,0,0
BRDA:120,6,1,0
BRF:14
BRH:0
end_of_record
TN:
SF:routes/timeEstimation.js
FN:9,(anonymous_0)
FNF:1
FNH:1
FNDA:1,(anonymous_0)
DA:1,1
DA:2,1
DA:3,1
DA:4,1
DA:6,1
DA:7,1
DA:9,1
DA:10,1
DA:11,1
DA:13,1
DA:14,1
DA:17,0
DA:18,0
DA:20,0
DA:21,0
DA:25,1
LF:16
LH:12
BRDA:13,0,0,1
BRDA:13,0,1,0
BRDA:13,1,0,1
BRDA:13,1,1,0
BRF:4
BRH:2
end_of_record
TN:
SF:routes/userRoutes.js
FN:10,(anonymous_0)
FN:17,(anonymous_1)
FN:30,(anonymous_2)
FNF:3
FNH:0
FNDA:0,(anonymous_0)
FNDA:0,(anonymous_1)
FNDA:0,(anonymous_2)
DA:4,1
DA:5,1
DA:7,1
DA:10,1
DA:11,0
DA:12,0
DA:13,0
DA:17,1
DA:18,0
DA:19,0
DA:21,0
DA:22,0
DA:24,0
DA:25,0
DA:26,0
DA:30,1
DA:31,0
DA:32,0
DA:33,0
DA:36,1
LF:20
LH:7
BRDA:12,0,0,0
BRDA:12,0,1,0
BRDA:19,1,0,0
BRDA:19,1,1,0
BRDA:22,2,0,0
BRDA:22,2,1,0
BRDA:31,3,0,0
BRDA:31,3,1,0
BRF:8
BRH:0
end_of_record
TN:
SF:services/SonarTimeEstimator.js
FN:7,(anonymous_0)
FN:11,(anonymous_1)
FN:88,(anonymous_2)
FNF:3
FNH:2
FNDA:10,(anonymous_0)
FNDA:9,(anonymous_1)
FNDA:0,(anonymous_2)
DA:4,2
DA:8,10
DA:13,9
DA:14,1
DA:16,8
DA:17,1
DA:20,7
DA:21,7
DA:49,7
DA:50,5
DA:51,5
DA:54,4
DA:55,4
DA:56,4
DA:58,4
DA:66,3
DA:67,1
DA:70,2
DA:71,1
DA:74,1
DA:75,0
DA:78,1
DA:79,0
DA:83,1
DA:89,0
DA:90,0
DA:91,0
DA:92,0
DA:94,0
DA:99,2
LF:30
LH:23
BRDA:13,0,0,1
BRDA:13,0,1,8
BRDA:16,1,0,1
BRDA:16,1,1,7
BRDA:66,2,0,1
BRDA:66,2,1,2
BRDA:66,3,0,3
BRDA:66,3,1,2
BRDA:66,3,2,2
BRDA:70,4,0,1
BRDA:70,4,1,1
BRDA:70,5,0,2
BRDA:70,5,1,2
BRDA:74,6,0,0
BRDA:74,6,1,1
BRDA:74,7,0,1
BRDA:74,7,1,1
BRDA:74,7,2,1
BRDA:74,7,3,1
BRDA:78,8,0,0
BRDA:78,8,1,1
BRDA:78,9,0,1
BRDA:78,9,1,1
BRDA:78,9,2,1
BRDA:78,9,3,1
BRF:25
BRH:23
end_of_record
TN:
SF:services/store.js
FN:13,(anonymous_0)
FN:27,(anonymous_1)
FN:35,(anonymous_2)
FN:55,(anonymous_3)
FN:62,(anonymous_4)
FN:77,(anonymous_5)
FN:89,(anonymous_6)
FN:104,(anonymous_7)
FN:113,(anonymous_8)
FN:115,(anonymous_9)
FN:116,(anonymous_10)
FN:120,(anonymous_11)
FN:125,(anonymous_12)
FN:130,(anonymous_13)
FNF:14
FNH:0
FNDA:0,(anonymous_0)
FNDA:0,(anonymous_1)
FNDA:0,(anonymous_2)
FNDA:0,(anonymous_3)
FNDA:0,(anonymous_4)
FNDA:0,(anonymous_5)
FNDA:0,(anonymous_6)
FNDA:0,(anonymous_7)
FNDA:0,(anonymous_8)
FNDA:0,(anonymous_9)
FNDA:0,(anonymous_10)
FNDA:0,(anonymous_11)
FNDA:0,(anonymous_12)
FNDA:0,(anonymous_13)
DA:4,1
DA:5,1
DA:8,1
DA:9,1
DA:10,1
DA:13,1
DA:14,0
DA:15,0
DA:16,0
DA:21,0
DA:23,0
DA:27,1
DA:28,0
DA:29,0
DA:31,0
DA:35,1
DA:37,0
DA:38,0
DA:40,0
DA:42,0
DA:46,0
DA:47,0
DA:50,0
DA:51,0
DA:55,1
DA:57,0
DA:58,0
DA:62,1
DA:63,0
DA:64,0
DA:67,0
DA:68,0
DA:69,0
DA:76,0
DA:77,0
DA:78,0
DA:84,0
DA:86,0
DA:89,1
DA:90,0
DA:91,0
DA:94,0
DA:95,0
DA:96,0
DA:103,0
DA:104,0
DA:107,0
DA:109,0
DA:113,1
DA:114,0
DA:115,0
DA:116,0
DA:120,1
DA:121,0
DA:125,1
DA:126,0
DA:130,1
DA:132,0
DA:133,0
DA:134,0
DA:137,1
LF:61
LH:16
BRDA:15,0,0,0
BRDA:15,0,1,0
BRDA:18,1,0,0
BRDA:18,1,1,0
BRDA:28,2,0,0
BRDA:28,2,1,0
BRDA:40,3,0,0
BRDA:40,3,1,0
BRDA:68,4,0,0
BRDA:68,4,1,0
BRDA:76,5,0,0
BRDA:76,5,1,0
BRDA:95,6,0,0
BRDA:95,6,1,0
BRDA:134,7,0,0
BRDA:134,7,1,0
BRF:16
BRH:0
end_of_record
TN:
SF:services/userService.js
FN:9,createUser
FN:16,getUserById
FN:23,updateUserName
FN:34,deleteUser
FN:42,updateUserXP
FN:53,updateUserStreak
FN:64,addAchievement
FN:75,addCompletedTask
FNF:8
FNH:6
FNDA:1,createUser
FNDA:6,getUserById
FNDA:0,updateUserName
FNDA:0,deleteUser
FNDA:1,updateUserXP
FNDA:1,updateUserStreak
FNDA:1,addAchievement
FNDA:1,addCompletedTask
DA:4,1
DA:10,1
DA:17,6
DA:24,0
DA:35,0
DA:36,0
DA:43,1
DA:44,1
DA:45,1
DA:46,1
DA:47,1
DA:54,1
DA:55,1
DA:56,1
DA:57,1
DA:58,1
DA:65,1
DA:66,1
DA:67,1
DA:68,1
DA:69,1
DA:76,1
DA:77,1
DA:78,1
DA:79,1
DA:80,1
DA:83,1
LF:27
LH:24
BRDA:44,0,0,0
BRDA:44,0,1,1
BRDA:55,1,0,0
BRDA:55,1,1,1
BRDA:66,2,0,0
BRDA:66,2,1,1
BRDA:77,3,0,0
BRDA:77,3,1,1
BRF:8
BRH:4
end_of_record
TN:
SF:tests/unit/calendarConverter.js
FN:3,(anonymous_0)
FN:38,(anonymous_1)
FNF:2
FNH:2
FNDA:5,(anonymous_0)
FNDA:1,(anonymous_1)
DA:3,1
DA:4,5
DA:5,0
DA:8,5
DA:9,5
DA:12,5
DA:13,5
DA:15,4
DA:16,2
DA:18,2
DA:19,2
DA:20,2
DA:24,5
DA:38,1
DA:39,1
DA:42,1
LF:16
LH:15
BRDA:4,0,0,0
BRDA:4,0,1,5
BRDA:8,1,0,5
BRDA:8,1,1,3
BRDA:9,2,0,4
BRDA:9,2,1,1
BRDA:9,3,0,4
BRDA:9,3,1,2
BRDA:13,4,0,4
BRDA:13,4,1,1
BRDA:13,5,0,5
BRDA:13,5,1,5
BRDA:15,6,0,2
BRDA:15,6,1,2
BRDA:15,7,0,4
BRDA:15,7,1,2
BRDA:26,8,0,5
BRDA:26,8,1,1
BRDA:27,9,0,5
BRDA:27,9,1,4
BRDA:31,10,0,5
BRDA:31,10,1,4
BRDA:33,11,0,0
BRDA:33,11,1,5
BRF:24
BRH:22
end_of_record
