TN:
SF:database/dbClient.js
FN:2,(anonymous_0)
FN:11,(anonymous_1)
FN:16,(anonymous_2)
FN:17,(anonymous_3)
FN:18,(anonymous_4)
FN:22,(anonymous_5)
FN:26,(anonymous_6)
FNF:7
FNH:1
FNDA:1,(anonymous_0)
FNDA:0,(anonymous_1)
FNDA:0,(anonymous_2)
FNDA:0,(anonymous_3)
FNDA:0,(anonymous_4)
FNDA:0,(anonymous_5)
FNDA:0,(anonymous_6)
DA:3,1
DA:7,0
DA:8,0
DA:12,0
DA:13,0
DA:17,0
DA:18,0
DA:23,0
DA:24,0
DA:25,0
DA:26,0
DA:27,0
DA:28,0
DA:29,0
DA:32,0
LF:15
LH:1
BRDA:7,0,0,0
BRDA:7,0,1,0
BRDA:26,1,0,0
BRDA:26,1,1,0
BRF:4
BRH:0
end_of_record
TN:
SF:models/GoogleCalendarService.js
FN:7,(anonymous_0)
FN:20,(anonymous_1)
FN:32,(anonymous_2)
FN:62,(anonymous_3)
FN:119,(anonymous_4)
FN:177,(anonymous_5)
FN:207,(anonymous_6)
FNF:7
FNH:7
FNDA:9,(anonymous_0)
FNDA:9,(anonymous_1)
FNDA:4,(anonymous_2)
FNDA:2,(anonymous_3)
FNDA:1,(anonymous_4)
FNDA:2,(anonymous_5)
FNDA:1,(anonymous_6)
DA:4,1
DA:9,9
DA:10,1
DA:13,8
DA:21,9
DA:22,0
DA:24,9
DA:33,4
DA:34,4
DA:35,0
DA:38,4
DA:39,1
DA:43,3
DA:44,1
DA:48,2
DA:50,1
DA:51,0
DA:53,1
DA:63,2
DA:64,2
DA:65,0
DA:68,2
DA:69,0
DA:72,2
DA:89,2
DA:90,1
DA:93,2
DA:94,2
DA:97,2
DA:107,0
DA:108,0
DA:110,0
DA:120,1
DA:121,1
DA:122,0
DA:125,1
DA:126,0
DA:129,1
DA:147,1
DA:148,0
DA:151,1
DA:152,1
DA:155,1
DA:165,0
DA:166,0
DA:168,0
DA:178,2
DA:179,2
DA:180,0
DA:183,2
DA:184,0
DA:187,2
DA:192,1
DA:194,1
DA:196,0
DA:198,1
DA:208,1
DA:209,1
DA:210,0
DA:213,1
DA:215,1
DA:223,1
DA:225,0
DA:230,1
LF:64
LH:45
BRDA:9,0,0,1
BRDA:9,0,1,8
BRDA:9,1,0,9
BRDA:9,1,1,8
BRDA:21,2,0,0
BRDA:21,2,1,9
BRDA:34,3,0,0
BRDA:34,3,1,4
BRDA:38,4,0,1
BRDA:38,4,1,3
BRDA:38,5,0,4
BRDA:38,5,1,4
BRDA:43,6,0,1
BRDA:43,6,1,2
BRDA:50,7,0,0
BRDA:50,7,1,1
BRDA:64,8,0,0
BRDA:64,8,1,2
BRDA:68,9,0,0
BRDA:68,9,1,2
BRDA:68,10,0,2
BRDA:68,10,1,2
BRDA:76,11,0,2
BRDA:76,11,1,1
BRDA:77,12,0,2
BRDA:77,12,1,1
BRDA:89,13,0,1
BRDA:89,13,1,1
BRDA:101,14,0,2
BRDA:101,14,1,1
BRDA:104,15,0,1
BRDA:104,15,1,1
BRDA:107,16,0,0
BRDA:107,16,1,0
BRDA:121,17,0,0
BRDA:121,17,1,1
BRDA:125,18,0,0
BRDA:125,18,1,1
BRDA:134,19,0,1
BRDA:134,19,1,0
BRDA:135,20,0,1
BRDA:135,20,1,0
BRDA:147,21,0,0
BRDA:147,21,1,1
BRDA:159,22,0,1
BRDA:159,22,1,0
BRDA:162,23,0,0
BRDA:162,23,1,1
BRDA:165,24,0,0
BRDA:165,24,1,0
BRDA:179,25,0,0
BRDA:179,25,1,2
BRDA:183,26,0,0
BRDA:183,26,1,2
BRDA:194,27,0,0
BRDA:194,27,1,1
BRDA:209,28,0,0
BRDA:209,28,1,1
BRF:58
BRH:38
end_of_record
TN:
SF:models/Task.js
FN:6,(anonymous_0)
FN:29,(anonymous_1)
FN:49,(anonymous_2)
FN:71,(anonymous_3)
FN:97,(anonymous_4)
FN:118,(anonymous_5)
FNF:6
FNH:4
FNDA:24,(anonymous_0)
FNDA:49,(anonymous_1)
FNDA:26,(anonymous_2)
FNDA:4,(anonymous_3)
FNDA:0,(anonymous_4)
FNDA:0,(anonymous_5)
DA:7,24
DA:8,24
DA:9,24
DA:10,24
DA:11,23
DA:12,23
DA:13,23
DA:14,23
DA:15,23
DA:16,23
DA:17,23
DA:18,23
DA:19,23
DA:20,23
DA:22,23
DA:30,49
DA:32,47
DA:33,46
DA:34,0
DA:37,46
DA:40,1
DA:41,1
DA:42,1
DA:45,0
DA:51,26
DA:52,3
DA:56,23
DA:57,0
DA:61,23
DA:62,0
DA:66,23
DA:67,1
DA:73,4
DA:76,4
DA:77,1
DA:79,4
DA:80,1
DA:84,4
DA:85,1
DA:86,1
DA:91,3
DA:94,3
DA:98,0
DA:120,0
DA:123,0
DA:130,0
DA:134,4
LF:47
LH:39
BRDA:7,0,0,24
BRDA:7,0,1,24
BRDA:13,1,0,23
BRDA:13,1,1,23
BRDA:14,2,0,23
BRDA:14,2,1,23
BRDA:16,3,0,23
BRDA:16,3,1,23
BRDA:19,4,0,23
BRDA:19,4,1,23
BRDA:30,5,0,2
BRDA:30,5,1,47
BRDA:32,6,0,46
BRDA:32,6,1,1
BRDA:33,7,0,0
BRDA:33,7,1,46
BRDA:41,8,0,1
BRDA:41,8,1,0
BRDA:51,9,0,3
BRDA:51,9,1,23
BRDA:51,10,0,26
BRDA:51,10,1,24
BRDA:51,10,2,23
BRDA:56,11,0,0
BRDA:56,11,1,23
BRDA:56,12,0,23
BRDA:56,12,1,23
BRDA:61,13,0,0
BRDA:61,13,1,23
BRDA:61,14,0,23
BRDA:61,14,1,23
BRDA:66,15,0,1
BRDA:66,15,1,22
BRDA:76,16,0,1
BRDA:76,16,1,3
BRDA:79,17,0,1
BRDA:79,17,1,3
BRDA:84,18,0,1
BRDA:84,18,1,3
BRDA:84,19,0,4
BRDA:84,19,1,1
BRDA:85,20,0,1
BRDA:85,20,1,0
BRDA:110,21,0,0
BRDA:110,21,1,0
BRDA:130,22,0,0
BRDA:130,22,1,0
BRF:47
BRH:38
end_of_record
TN:
SF:models/TaskManager.js
FN:8,(anonymous_0)
FN:18,(anonymous_1)
FN:24,(anonymous_2)
FN:58,(anonymous_3)
FN:76,(anonymous_4)
FN:122,(anonymous_5)
FN:130,(anonymous_6)
FN:153,(anonymous_7)
FN:155,(anonymous_8)
FN:175,(anonymous_9)
FN:226,(anonymous_10)
FN:228,(anonymous_11)
FN:243,(anonymous_12)
FN:246,(anonymous_13)
FN:259,(anonymous_14)
FN:260,(anonymous_15)
FNF:16
FNH:12
FNDA:21,(anonymous_0)
FNDA:21,(anonymous_1)
FNDA:2,(anonymous_2)
FNDA:2,(anonymous_3)
FNDA:0,(anonymous_4)
FNDA:2,(anonymous_5)
FNDA:2,(anonymous_6)
FNDA:9,(anonymous_7)
FNDA:8,(anonymous_8)
FNDA:9,(anonymous_9)
FNDA:6,(anonymous_10)
FNDA:5,(anonymous_11)
FNDA:3,(anonymous_12)
FNDA:0,(anonymous_13)
FNDA:0,(anonymous_14)
FNDA:0,(anonymous_15)
DA:4,3
DA:5,3
DA:9,21
DA:10,21
DA:19,21
DA:21,21
DA:24,18
DA:25,2
DA:33,18
DA:34,1
DA:39,17
DA:40,17
DA:41,16
DA:43,1
DA:47,16
DA:48,16
DA:50,5
DA:59,2
DA:60,2
DA:61,1
DA:63,0
DA:64,0
DA:66,1
DA:69,2
DA:77,0
DA:78,0
DA:81,0
DA:82,0
DA:84,0
DA:85,0
DA:86,0
DA:88,0
DA:89,0
DA:97,0
DA:100,0
DA:102,0
DA:103,0
DA:105,0
DA:106,0
DA:108,0
DA:109,0
DA:111,0
DA:115,0
DA:123,2
DA:131,2
DA:132,0
DA:136,2
DA:137,2
DA:138,2
DA:139,2
DA:144,2
DA:155,9
DA:156,9
DA:157,1
DA:160,8
DA:162,8
DA:170,8
DA:171,1
DA:175,7
DA:177,9
DA:180,0
DA:181,0
DA:182,0
DA:190,7
DA:191,0
DA:196,7
DA:197,7
DA:198,7
DA:203,0
DA:207,6
DA:212,6
DA:214,1
DA:217,2
DA:227,6
DA:228,6
DA:229,6
DA:230,1
DA:233,5
DA:235,5
DA:236,1
DA:240,5
DA:243,3
DA:246,3
DA:248,2
DA:251,3
DA:260,0
DA:262,0
DA:263,0
DA:264,0
DA:266,0
DA:267,0
DA:271,0
DA:275,3
LF:93
LH:59
BRDA:33,0,0,1
BRDA:33,0,1,17
BRDA:41,1,0,16
BRDA:41,1,1,0
BRDA:61,2,0,0
BRDA:61,2,1,1
BRDA:82,3,0,0
BRDA:82,3,1,0
BRDA:100,4,0,0
BRDA:100,4,1,0
BRDA:100,4,2,0
BRDA:100,4,3,0
BRDA:131,5,0,0
BRDA:131,5,1,2
BRDA:131,6,0,2
BRDA:131,6,1,2
BRDA:131,6,2,2
BRDA:131,6,3,2
BRDA:144,7,0,2
BRDA:144,7,1,1
BRDA:156,8,0,1
BRDA:156,8,1,8
BRDA:165,9,0,7
BRDA:165,9,1,1
BRDA:166,10,0,7
BRDA:166,10,1,1
BRDA:170,11,0,1
BRDA:170,11,1,7
BRDA:177,12,0,9
BRDA:177,12,1,0
BRDA:190,13,0,0
BRDA:190,13,1,7
BRDA:197,14,0,7
BRDA:197,14,1,0
BRDA:209,15,0,6
BRDA:209,15,1,0
BRDA:209,15,2,0
BRDA:229,16,0,1
BRDA:229,16,1,5
BRDA:235,17,0,1
BRDA:235,17,1,4
BRDA:266,18,0,0
BRDA:266,18,1,0
BRF:43
BRH:27
end_of_record
TN:
SF:models/User.js
FN:2,(anonymous_0)
FN:20,(anonymous_1)
FN:25,(anonymous_2)
FN:36,(anonymous_3)
FN:45,(anonymous_4)
FN:59,(anonymous_5)
FN:61,(anonymous_6)
FN:75,(anonymous_7)
FN:81,(anonymous_8)
FN:82,(anonymous_9)
FN:96,(anonymous_10)
FNF:11
FNH:1
FNDA:3,(anonymous_0)
FNDA:0,(anonymous_1)
FNDA:0,(anonymous_2)
FNDA:0,(anonymous_3)
FNDA:0,(anonymous_4)
FNDA:0,(anonymous_5)
FNDA:0,(anonymous_6)
FNDA:0,(anonymous_7)
FNDA:0,(anonymous_8)
FNDA:0,(anonymous_9)
FNDA:0,(anonymous_10)
DA:11,3
DA:12,3
DA:13,3
DA:14,3
DA:15,3
DA:16,3
DA:17,3
DA:21,0
DA:22,0
DA:27,0
DA:29,0
DA:30,0
DA:31,0
DA:32,0
DA:38,0
DA:46,0
DA:47,0
DA:49,0
DA:56,0
DA:60,0
DA:61,0
DA:62,0
DA:66,0
DA:67,0
DA:75,0
DA:76,0
DA:77,0
DA:78,0
DA:81,0
DA:82,0
DA:83,0
DA:87,0
DA:88,0
DA:97,0
DA:98,0
DA:106,1
LF:36
LH:8
BRDA:6,0,0,3
BRDA:7,1,0,3
BRDA:8,2,0,3
BRDA:9,3,0,3
BRDA:66,4,0,0
BRDA:66,4,1,0
BRDA:87,5,0,0
BRDA:87,5,1,0
BRF:8
BRH:4
end_of_record
TN:
SF:services/SonarTimeEstimator.js
FN:4,(anonymous_0)
FN:8,(anonymous_1)
FN:85,(anonymous_2)
FNF:3
FNH:3
FNDA:18,(anonymous_0)
FNDA:18,(anonymous_1)
FNDA:3,(anonymous_2)
DA:1,1
DA:5,18
DA:10,18
DA:11,2
DA:13,16
DA:14,1
DA:17,15
DA:18,15
DA:46,15
DA:47,11
DA:48,11
DA:51,10
DA:52,10
DA:53,10
DA:55,10
DA:63,5
DA:64,1
DA:67,4
DA:68,1
DA:71,3
DA:72,1
DA:75,2
DA:76,1
DA:80,1
DA:86,3
DA:87,3
DA:88,2
DA:89,2
DA:91,1
DA:96,1
LF:30
LH:30
BRDA:10,0,0,2
BRDA:10,0,1,16
BRDA:13,1,0,1
BRDA:13,1,1,15
BRDA:63,2,0,1
BRDA:63,2,1,4
BRDA:63,3,0,5
BRDA:63,3,1,4
BRDA:63,3,2,4
BRDA:67,4,0,1
BRDA:67,4,1,3
BRDA:67,5,0,4
BRDA:67,5,1,4
BRDA:71,6,0,1
BRDA:71,6,1,2
BRDA:71,7,0,3
BRDA:71,7,1,2
BRDA:71,7,2,2
BRDA:71,7,3,2
BRDA:75,8,0,1
BRDA:75,8,1,1
BRDA:75,9,0,2
BRDA:75,9,1,1
BRDA:75,9,2,1
BRDA:75,9,3,1
BRF:25
BRH:25
end_of_record
TN:
SF:services/userService.js
FN:4,createUser
FN:9,getUserById
FN:15,updateUserXP
FN:20,updateUserStreak
FN:25,addAchievement
FN:30,addCompletedTask
FNF:6
FNH:6
FNDA:1,createUser
FNDA:2,getUserById
FNDA:1,updateUserXP
FNDA:1,updateUserStreak
FNDA:1,addAchievement
FNDA:1,addCompletedTask
DA:5,1
DA:10,2
DA:11,2
DA:16,1
DA:21,1
DA:26,1
DA:31,1
LF:7
LH:7
BRDA:11,0,0,2
BRDA:11,0,1,1
BRF:2
BRH:2
end_of_record
